17/09/01 19:27:26 : Message is missing sender's address
17/09/01 19:27:46 : Socket Error # 11001<EOL>Host not found.
17/09/01 19:31:27 : Socket Error # 11001<EOL>Host not found.
17/09/01 19:32:42 : Socket Error # 11001<EOL>Host not found.
17/09/01 19:32:56 : Socket Error # 11001<EOL>Host not found.
17/09/01 19:32:58 : Socket Error # 11001<EOL>Host not found.
17/09/01 19:32:59 : Socket Error # 11001<EOL>Host not found.
17/09/01 19:33:00 : Socket Error # 11001<EOL>Host not found.
17/09/01 19:33:01 : Socket Error # 11001<EOL>Host not found.
17/09/01 19:33:03 : Socket Error # 11001<EOL>Host not found.
17/09/01 19:33:04 : Socket Error # 11001<EOL>Host not found.
17/09/01 19:33:05 : Socket Error # 11001<EOL>Host not found.
17/09/01 19:33:07 : Socket Error # 11001<EOL>Host not found.
17/09/01 19:33:19 : Socket Error # 11001<EOL>Host not found.
17/09/01 19:36:15 : Socket Error # 11001<EOL>Host not found.
17/09/01 19:39:39 : Socket Error # 11001<EOL>Host not found.
17/09/01 19:41:03 : Socket Error # 11001<EOL>Host not found.
17/09/01 19:42:58 : <https://accounts.google.com/signin/continue?sarp=1&scc=1&plt=AKgnsbva<EOL>piaxn_3edkL_u6kDQed02ROr4AsRz5ixmQzAuEMWscMAz6tA7F7_lw6R5RIQazkXybFajK<EOL>AI4NvvJHVgm3lxi-mpBbBg4OkcgMHddj7e5lTQD7X4yI-6YiM4y9b86VRpO5htokGOTcwz<EOL>d7cPoqdP5fkvv4sTM-Yqdv_w70vYlVkeoK-d6MyjJdWIEIyal9acvlGyHkMMMLUP6UJQIR<EOL>8WLpcUSd9knLqp97zD7SQWgHenR9w> Please log in via your web browser and<EOL>then try again.<EOL> Learn more at<EOL> https://support.google.com/mail/answer/78754 e135sm556852wmg.21 - gsmtp<EOL>
17/09/01 19:44:22 : <https://accounts.google.com/signin/continue?sarp=1&scc=1&plt=AKgnsbvy<EOL>GontuS0XuE4mOKkAHj5ryFxEMqZxLaoNjkwJTjmlL0MOePjkjig4eL74lBksACpdmnsve7<EOL>79W7sxAtkkjdxrs9IjwIVKHvpfjovwJeIoZTYMCZN43tjiSs-JFaPHrhCoAIchcQFpI97O<EOL>soa8HTd0pFR6Ciu3ejdOo6Yar0kf_EvJ-1p9wQOIO2hj_g6eynyEYFkwxzmiGLdL5IYFQH<EOL>t7THFxq751AysKC7Y0Fv20SCiMVl8> Please log in via your web browser and<EOL>then try again.<EOL> Learn more at<EOL> https://support.google.com/mail/answer/78754 u15sm881934wrg.31 - gsmtp<EOL>
17/09/04 17:15:37 : Message is missing sender's address
17/09/04 17:15:47 : Message is missing sender's address
17/09/04 19:56:07 : Message is missing sender's address
17/09/04 20:07:05 : Message is missing sender's address
17/09/27 12:13:15 : The recipient address <cristiansmx2a@gmail.comjesukris90@gmail.com> is<EOL>not a valid RFC-5321 address. a10sm7068202eda.37 - gsmtp<EOL>
17/09/27 12:13:26 : The recipient address <cristiansmx2a@gmail.comjesukris90@gmail.com> is<EOL>not a valid RFC-5321 address. p6sm6139868wrd.10 - gsmtp<EOL>
17/09/27 14:03:26 : Message is missing recipient's address
18/01/08 17:03:06 : Message is missing recipient's address
18/01/08 17:03:06 : Message is missing recipient's address
18/01/08 17:03:06 : Message is missing recipient's address
18/01/08 17:03:07 : Message is missing recipient's address
18/01/08 17:03:07 : Message is missing recipient's address
18/01/08 17:03:07 : Message is missing recipient's address
18/01/08 17:03:07 : Message is missing recipient's address
18/01/08 17:03:07 : Message is missing recipient's address
18/01/08 17:03:35 : Message is missing recipient's address
18/01/08 17:03:35 : Message is missing recipient's address
18/01/08 17:03:36 : Message is missing recipient's address
18/01/08 17:03:36 : Message is missing recipient's address
18/01/08 17:03:36 : Message is missing recipient's address
18/01/08 17:03:36 : Message is missing recipient's address
18/01/08 17:03:36 : Message is missing recipient's address
18/01/08 17:03:37 : Message is missing recipient's address
18/01/08 17:03:38 : Message is missing recipient's address
18/01/08 17:03:39 : Message is missing recipient's address
18/01/08 17:03:39 : Message is missing recipient's address
18/01/08 17:03:39 : Message is missing recipient's address
18/01/08 17:03:39 : Message is missing recipient's address
18/01/08 17:03:39 : Message is missing recipient's address
18/01/08 17:03:40 : Message is missing recipient's address
18/01/08 17:03:40 : Message is missing recipient's address
18/01/08 17:03:57 : Syntax error. 198sm16299368wmo.21 - gsmtp<EOL>
18/01/08 17:03:58 : Syntax error. a2sm4688662wrf.56 - gsmtp<EOL>
18/01/08 17:03:59 : Syntax error. s45sm24509524wrc.89 - gsmtp<EOL>
18/01/08 17:04:01 : Syntax error. 94sm1487100wri.48 - gsmtp<EOL>
18/01/08 17:04:02 : Syntax error. 2sm11633613wrg.13 - gsmtp<EOL>
18/01/08 17:04:03 : Syntax error. r68sm15113942wmd.47 - gsmtp<EOL>
18/01/08 17:04:04 : Syntax error. v23sm10203534wmh.30 - gsmtp<EOL>
18/01/08 17:04:53 : Syntax error. n65sm15915116wrb.17 - gsmtp<EOL>
18/01/08 17:04:54 : Syntax error. s45sm24511955wrc.89 - gsmtp<EOL>
18/01/08 17:04:55 : Syntax error. k25sm21737285wrk.11 - gsmtp<EOL>
18/01/08 17:04:56 : Syntax error. q6sm12865780wrc.36 - gsmtp<EOL>
18/01/08 17:04:58 : Syntax error. h16sm8329687wre.43 - gsmtp<EOL>
18/01/08 17:04:59 : Syntax error. y137sm14855182wme.0 - gsmtp<EOL>
18/01/08 17:05:00 : Syntax error. 52sm14874509wrz.80 - gsmtp<EOL>
18/01/08 17:06:18 : Syntax error. r82sm10023621wme.31 - gsmtp<EOL>
18/01/08 17:06:20 : Syntax error. q13sm7129835wrg.68 - gsmtp<EOL>
18/01/08 17:06:21 : Syntax error. b7sm16821975wrd.69 - gsmtp<EOL>
18/01/08 17:06:22 : Syntax error. b11sm9515545wrf.23 - gsmtp<EOL>
18/01/08 17:06:23 : Syntax error. o189sm11579547wme.35 - gsmtp<EOL>
18/01/08 17:06:24 : Syntax error. 34sm6283865wro.7 - gsmtp<EOL>
18/01/08 17:06:26 : Syntax error. 17sm15250824wmq.10 - gsmtp<EOL>
18/01/08 17:08:43 : Syntax error. 67sm15051677wmq.38 - gsmtp<EOL>
18/01/08 17:08:44 : Syntax error. x75sm13339451wme.44 - gsmtp<EOL>
18/01/08 17:08:46 : Syntax error. 2sm12897271wmk.28 - gsmtp<EOL>
18/01/08 17:08:47 : Syntax error. p128sm13058355wmb.23 - gsmtp<EOL>
18/01/08 17:08:48 : Syntax error. w75sm28125270wrb.86 - gsmtp<EOL>
18/01/08 17:08:49 : Syntax error. o107sm22289798wrc.63 - gsmtp<EOL>
18/01/08 17:08:50 : Syntax error. y137sm14863572wme.0 - gsmtp<EOL>
